[debug] [2025-09-24T12:56:03.755Z] ----------------------------------------------------------------------
[debug] [2025-09-24T12:56:03.756Z] Command:       /usr/local/bin/node /usr/local/bin/firebase init
[debug] [2025-09-24T12:56:03.756Z] CLI Version:   14.17.0
[debug] [2025-09-24T12:56:03.756Z] Platform:      darwin
[debug] [2025-09-24T12:56:03.756Z] Node Version:  v22.17.0
[debug] [2025-09-24T12:56:03.756Z] Time:          Wed Sep 24 2025 21:56:03 GMT+0900 (대한민국 표준시)
[debug] [2025-09-24T12:56:03.756Z] ----------------------------------------------------------------------
[debug] 
[debug] [2025-09-24T12:56:03.759Z] > command requires scopes: ["email","openid","https://www.googleapis.com/auth/cloudplatformprojects.readonly","https://www.googleapis.com/auth/firebase","https://www.googleapis.com/auth/cloud-platform"]
[debug] [2025-09-24T12:56:03.759Z] > authorizing via signed-in user (jhcuber0429@gmail.com)
[info] 
     ######## #### ########  ######## ########     ###     ######  ########
     ##        ##  ##     ## ##       ##     ##  ##   ##  ##       ##
     ######    ##  ########  ######   ########  #########  ######  ######
     ##        ##  ##    ##  ##       ##     ## ##     ##       ## ##
     ##       #### ##     ## ######## ########  ##     ##  ######  ########

You're about to initialize a Firebase project in this directory:

  /Users/z1h._xn/Desktop/개발/Google_Fake_Chat

[info] 
=== Project Setup
[info] 
[info] First, let's associate this project directory with a Firebase project.
[info] You can create multiple project aliases by running firebase use --add, 
[info] but for now we'll just set up a default project.
[info] 
[debug] [2025-09-24T12:57:05.656Z] Checked if tokens are valid: true, expires at: 1758722124323
[debug] [2025-09-24T12:57:05.656Z] Checked if tokens are valid: true, expires at: 1758722124323
[debug] [2025-09-24T12:57:05.657Z] >>> [apiv2][query] GET https://firebase.googleapis.com/v1beta1/projects pageSize=100
[debug] [2025-09-24T12:57:06.353Z] <<< [apiv2][status] GET https://firebase.googleapis.com/v1beta1/projects 200
[debug] [2025-09-24T12:57:06.353Z] <<< [apiv2][body] GET https://firebase.googleapis.com/v1beta1/projects [omitted]
[info] i  Using project fake-chat-6a215 (Google Fake Chat) 
[info] 
=== Hosting Setup
[debug] [2025-09-24T12:57:11.205Z] Checked if tokens are valid: true, expires at: 1758722124323
[debug] [2025-09-24T12:57:11.205Z] Checked if tokens are valid: true, expires at: 1758722124323
[debug] [2025-09-24T12:57:11.205Z] >>> [apiv2][query] GET https://firebase.googleapis.com/v1beta1/projects/fake-chat-6a215 [none]
[debug] [2025-09-24T12:57:11.573Z] <<< [apiv2][status] GET https://firebase.googleapis.com/v1beta1/projects/fake-chat-6a215 200
[debug] [2025-09-24T12:57:11.574Z] <<< [apiv2][body] GET https://firebase.googleapis.com/v1beta1/projects/fake-chat-6a215 {"projectId":"fake-chat-6a215","projectNumber":"692426402317","displayName":"Google Fake Chat","name":"projects/fake-chat-6a215","resources":{"hostingSite":"fake-chat-6a215"},"state":"ACTIVE","etag":"1_77f94bae-91b8-48f2-bdf4-65274f960fcd"}
[info] 
[info] Your public directory is the folder (relative to your project directory) that
[info] will contain Hosting assets to be uploaded with firebase deploy. If you
[info] have a build process for your assets, use your build's output directory.
[info] 
[debug] [2025-09-24T12:59:02.737Z] >>> [apiv2][query] GET https://www.gstatic.com/firebasejs/releases.json [none]
[debug] [2025-09-24T12:59:02.947Z] <<< [apiv2][status] GET https://www.gstatic.com/firebasejs/releases.json 200
[debug] [2025-09-24T12:59:02.947Z] <<< [apiv2][body] GET https://www.gstatic.com/firebasejs/releases.json {"current":{"version":"12.3.0","browserURL":"https://www.gstatic.com/firebasejs/12.3.0/firebase.js","packageURL":"https://www.gstatic.com/firebasejs/12.3.0/firebase.tgz"},"live":{"version":"12.3","browserURL":"https://www.gstatic.com/firebasejs/live/12.3/firebase.js","packageURL":"https://www.gstatic.com/firebasejs/live/12.3/firebase.tgz"},"components":{"ai":"https://www.gstatic.com/firebasejs/12.3.0/firebase-ai.js","analytics":"https://www.gstatic.com/firebasejs/12.3.0/firebase-analytics.js","app":"https://www.gstatic.com/firebasejs/12.3.0/firebase-app.js","app-check":"https://www.gstatic.com/firebasejs/12.3.0/firebase-app-check.js","auth":"https://www.gstatic.com/firebasejs/12.3.0/firebase-auth.js","auth/cordova":"https://www.gstatic.com/firebasejs/12.3.0/firebase-auth/cordova.js","auth/web-extension":"https://www.gstatic.com/firebasejs/12.3.0/firebase-auth/web-extension.js","functions":"https://www.gstatic.com/firebasejs/12.3.0/firebase-functions.js","firestore":"https://www.gstatic.com/firebasejs/12.3.0/firebase-firestore.js","firestore/lite":"https://www.gstatic.com/firebasejs/12.3.0/firebase-firestore/lite.js","installations":"https://www.gstatic.com/firebasejs/12.3.0/firebase-installations.js","storage":"https://www.gstatic.com/firebasejs/12.3.0/firebase-storage.js","performance":"https://www.gstatic.com/firebasejs/12.3.0/firebase-performance.js","remote-config":"https://www.gstatic.com/firebasejs/12.3.0/firebase-remote-config.js","messaging":"https://www.gstatic.com/firebasejs/12.3.0/firebase-messaging.js","messaging/sw":"https://www.gstatic.com/firebasejs/12.3.0/firebase-messaging/sw.js","database":"https://www.gstatic.com/firebasejs/12.3.0/firebase-database.js","data-connect":"https://www.gstatic.com/firebasejs/12.3.0/firebase-data-connect.js","firestore.memory":"https://www.gstatic.com/firebasejs/12.3.0/firebase-firestore.memory.js"}}
[info] ✔  Wrote ./index.html 
[info] 
[info] i  Didn't detect a .git folder. Assuming /Users/z1h._xn/Desktop/개발/Google_Fake_Chat is the project root. 
[info] i  Authorizing with GitHub to upload your service account to a GitHub repository's secrets store. 
[info] 
[info] Visit this URL on this device to log in:
[info] https://github.com/login/oauth/authorize?client_id=89cf50f02ac6aaed3484&state=285485098&redirect_uri=http%3A%2F%2Flocalhost%3A9005&scope=read%3Auser%20repo%20public_repo
[info] 
[info] Waiting for authentication...
[debug] [2025-09-24T13:00:07.720Z] >>> [apiv2][query] POST https://github.com/login/oauth/access_token [none]
[debug] [2025-09-24T13:00:07.720Z] >>> [apiv2][body] POST https://github.com/login/oauth/access_token [stream]
[debug] [2025-09-24T13:00:08.056Z] <<< [apiv2][status] POST https://github.com/login/oauth/access_token 200
[debug] [2025-09-24T13:00:08.056Z] <<< [apiv2][body] POST https://github.com/login/oauth/access_token {"access_token":"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","token_type":"bearer","scope":"read:user,repo"}
[debug] [2025-09-24T13:00:08.074Z] >>> [apiv2][query] GET https://api.github.com/user [none]
[debug] [2025-09-24T13:00:08.433Z] <<< [apiv2][status] GET https://api.github.com/user 200
[debug] [2025-09-24T13:00:08.433Z] <<< [apiv2][body] GET https://api.github.com/user {"login":"z1hxn","id":187825103,"node_id":"U_kgDOCzH7zw","avatar_url":"https://avatars.githubusercontent.com/u/187825103?v=4","gravatar_id":"","url":"https://api.github.com/users/z1hxn","html_url":"https://github.com/z1hxn","followers_url":"https://api.github.com/users/z1hxn/followers","following_url":"https://api.github.com/users/z1hxn/following{/other_user}","gists_url":"https://api.github.com/users/z1hxn/gists{/gist_id}","starred_url":"https://api.github.com/users/z1hxn/starred{/owner}{/repo}","subscriptions_url":"https://api.github.com/users/z1hxn/subscriptions","organizations_url":"https://api.github.com/users/z1hxn/orgs","repos_url":"https://api.github.com/users/z1hxn/repos","events_url":"https://api.github.com/users/z1hxn/events{/privacy}","received_events_url":"https://api.github.com/users/z1hxn/received_events","type":"User","user_view_type":"private","site_admin":false,"name":"z1hxn","company":"Gachon University Gifted Education","blog":"","location":"Seoul, Korea","email":"jhcuber0429@gmail.com","hireable":null,"bio":null,"twitter_username":null,"notification_email":"jhcuber0429@gmail.com","public_repos":8,"public_gists":0,"followers":3,"following":7,"created_at":"2024-11-09T02:08:33Z","updated_at":"2025-08-26T12:58:32Z","private_gists":0,"total_private_repos":6,"owned_private_repos":3,"disk_usage":149560,"collaborators":0,"two_factor_authentication":true,"plan":{"name":"free","space":976562499,"collaborators":0,"private_repos":10000}}
[info] 
[info] ✔  Success! Logged into GitHub as z1hxn 
[info] 
